{"D:\\3_2\\full-stack web\\project\\Moodment\\front-end\\src\\App.js": {"path":"D:\\3_2\\full-stack web\\project\\Moodment\\front-end\\src\\App.js","statementMap":{"0":{"start":{"line":19,"column":12},"end":{"line":30,"column":1}},"1":{"start":{"line":20,"column":15},"end":{"line":28,"column":4}},"2":{"start":{"line":29,"column":2},"end":{"line":29,"column":16}},"3":{"start":{"line":32,"column":19},"end":{"line":39,"column":1}},"4":{"start":{"line":33,"column":2},"end":{"line":38,"column":4}}},"fnMap":{"0":{"name":"(anonymous_0)","decl":{"start":{"line":19,"column":12},"end":{"line":19,"column":13}},"loc":{"start":{"line":19,"column":18},"end":{"line":30,"column":1}},"line":19},"1":{"name":"(anonymous_1)","decl":{"start":{"line":32,"column":19},"end":{"line":32,"column":20}},"loc":{"start":{"line":32,"column":25},"end":{"line":39,"column":1}},"line":32}},"branchMap":{},"s":{"0":1,"1":0,"2":0,"3":1,"4":1},"f":{"0":0,"1":1},"b":{},"_coverageSchema":"1a1c01bbd47fc00a2c39e90264f33305004495a9","hash":"caa2942888648212cbb0f650cdafc0e60eddf2e6"}
,"D:\\3_2\\full-stack web\\project\\Moodment\\front-end\\src\\components\\Button.js": {"path":"D:\\3_2\\full-stack web\\project\\Moodment\\front-end\\src\\components\\Button.js","statementMap":{"0":{"start":{"line":6,"column":18},"end":{"line":21,"column":1}},"1":{"start":{"line":24,"column":18},"end":{"line":42,"column":1}},"2":{"start":{"line":44,"column":12},"end":{"line":62,"column":1}},"3":{"start":{"line":64,"column":13},"end":{"line":82,"column":1}},"4":{"start":{"line":85,"column":2},"end":{"line":85,"column":93}},"5":{"start":{"line":85,"column":40},"end":{"line":85,"column":55}},"6":{"start":{"line":89,"column":2},"end":{"line":89,"column":92}},"7":{"start":{"line":89,"column":40},"end":{"line":89,"column":55}},"8":{"start":{"line":94,"column":2},"end":{"line":94,"column":87}},"9":{"start":{"line":94,"column":40},"end":{"line":94,"column":55}},"10":{"start":{"line":98,"column":2},"end":{"line":98,"column":88}},"11":{"start":{"line":98,"column":40},"end":{"line":98,"column":55}}},"fnMap":{"0":{"name":"DarkGrayBut","decl":{"start":{"line":84,"column":9},"end":{"line":84,"column":20}},"loc":{"start":{"line":84,"column":28},"end":{"line":86,"column":1}},"line":84},"1":{"name":"(anonymous_1)","decl":{"start":{"line":85,"column":34},"end":{"line":85,"column":35}},"loc":{"start":{"line":85,"column":40},"end":{"line":85,"column":55}},"line":85},"2":{"name":"LightGrayBut","decl":{"start":{"line":88,"column":9},"end":{"line":88,"column":21}},"loc":{"start":{"line":88,"column":29},"end":{"line":90,"column":1}},"line":88},"3":{"name":"(anonymous_3)","decl":{"start":{"line":89,"column":34},"end":{"line":89,"column":35}},"loc":{"start":{"line":89,"column":40},"end":{"line":89,"column":55}},"line":89},"4":{"name":"RedDelBut","decl":{"start":{"line":93,"column":9},"end":{"line":93,"column":18}},"loc":{"start":{"line":93,"column":26},"end":{"line":95,"column":1}},"line":93},"5":{"name":"(anonymous_5)","decl":{"start":{"line":94,"column":34},"end":{"line":94,"column":35}},"loc":{"start":{"line":94,"column":40},"end":{"line":94,"column":55}},"line":94},"6":{"name":"BlueBut","decl":{"start":{"line":97,"column":9},"end":{"line":97,"column":16}},"loc":{"start":{"line":97,"column":24},"end":{"line":99,"column":1}},"line":97},"7":{"name":"(anonymous_7)","decl":{"start":{"line":98,"column":34},"end":{"line":98,"column":35}},"loc":{"start":{"line":98,"column":40},"end":{"line":98,"column":55}},"line":98}},"branchMap":{},"s":{"0":3,"1":3,"2":3,"3":3,"4":0,"5":0,"6":0,"7":0,"8":0,"9":0,"10":0,"11":0},"f":{"0":0,"1":0,"2":0,"3":0,"4":0,"5":0,"6":0,"7":0},"b":{},"_coverageSchema":"1a1c01bbd47fc00a2c39e90264f33305004495a9","hash":"3aa416d3003735532e540d3219d077d36cf527fb"}
,"D:\\3_2\\full-stack web\\project\\Moodment\\front-end\\src\\components\\Navbar.js": {"path":"D:\\3_2\\full-stack web\\project\\Moodment\\front-end\\src\\components\\Navbar.js","statementMap":{"0":{"start":{"line":17,"column":14},"end":{"line":17,"column":61}},"1":{"start":{"line":18,"column":17},"end":{"line":18,"column":28}},"2":{"start":{"line":20,"column":15},"end":{"line":163,"column":1}},"3":{"start":{"line":21,"column":40},"end":{"line":21,"column":54}},"4":{"start":{"line":22,"column":42},"end":{"line":22,"column":56}},"5":{"start":{"line":23,"column":42},"end":{"line":23,"column":60}},"6":{"start":{"line":25,"column":28},"end":{"line":27,"column":3}},"7":{"start":{"line":26,"column":4},"end":{"line":26,"column":40}},"8":{"start":{"line":28,"column":29},"end":{"line":30,"column":3}},"9":{"start":{"line":29,"column":4},"end":{"line":29,"column":41}},"10":{"start":{"line":32,"column":29},"end":{"line":34,"column":3}},"11":{"start":{"line":33,"column":4},"end":{"line":33,"column":25}},"12":{"start":{"line":36,"column":30},"end":{"line":38,"column":3}},"13":{"start":{"line":37,"column":4},"end":{"line":37,"column":26}},"14":{"start":{"line":40,"column":2},"end":{"line":162,"column":4}},"15":{"start":{"line":82,"column":16},"end":{"line":84,"column":27}},"16":{"start":{"line":97,"column":16},"end":{"line":120,"column":25}},"17":{"start":{"line":100,"column":33},"end":{"line":100,"column":86}},"18":{"start":{"line":153,"column":16},"end":{"line":155,"column":27}}},"fnMap":{"0":{"name":"(anonymous_0)","decl":{"start":{"line":20,"column":15},"end":{"line":20,"column":16}},"loc":{"start":{"line":20,"column":21},"end":{"line":163,"column":1}},"line":20},"1":{"name":"(anonymous_1)","decl":{"start":{"line":25,"column":28},"end":{"line":25,"column":29}},"loc":{"start":{"line":25,"column":39},"end":{"line":27,"column":3}},"line":25},"2":{"name":"(anonymous_2)","decl":{"start":{"line":28,"column":29},"end":{"line":28,"column":30}},"loc":{"start":{"line":28,"column":40},"end":{"line":30,"column":3}},"line":28},"3":{"name":"(anonymous_3)","decl":{"start":{"line":32,"column":29},"end":{"line":32,"column":30}},"loc":{"start":{"line":32,"column":39},"end":{"line":34,"column":3}},"line":32},"4":{"name":"(anonymous_4)","decl":{"start":{"line":36,"column":30},"end":{"line":36,"column":31}},"loc":{"start":{"line":36,"column":36},"end":{"line":38,"column":3}},"line":36},"5":{"name":"(anonymous_5)","decl":{"start":{"line":81,"column":25},"end":{"line":81,"column":26}},"loc":{"start":{"line":82,"column":16},"end":{"line":84,"column":27}},"line":82},"6":{"name":"(anonymous_6)","decl":{"start":{"line":96,"column":23},"end":{"line":96,"column":24}},"loc":{"start":{"line":97,"column":16},"end":{"line":120,"column":25}},"line":97},"7":{"name":"(anonymous_7)","decl":{"start":{"line":100,"column":27},"end":{"line":100,"column":28}},"loc":{"start":{"line":100,"column":33},"end":{"line":100,"column":86}},"line":100},"8":{"name":"(anonymous_8)","decl":{"start":{"line":152,"column":28},"end":{"line":152,"column":29}},"loc":{"start":{"line":153,"column":16},"end":{"line":155,"column":27}},"line":153}},"branchMap":{"0":{"loc":{"start":{"line":82,"column":46},"end":{"line":82,"column":71}},"type":"binary-expr","locations":[{"start":{"line":82,"column":46},"end":{"line":82,"column":62}},{"start":{"line":82,"column":66},"end":{"line":82,"column":71}}],"line":82},"1":{"loc":{"start":{"line":99,"column":28},"end":{"line":99,"column":86}},"type":"cond-expr","locations":[{"start":{"line":99,"column":74},"end":{"line":99,"column":78}},{"start":{"line":99,"column":81},"end":{"line":99,"column":86}}],"line":99},"2":{"loc":{"start":{"line":99,"column":28},"end":{"line":99,"column":71}},"type":"binary-expr","locations":[{"start":{"line":99,"column":28},"end":{"line":99,"column":42}},{"start":{"line":99,"column":46},"end":{"line":99,"column":71}}],"line":99},"3":{"loc":{"start":{"line":100,"column":33},"end":{"line":100,"column":86}},"type":"binary-expr","locations":[{"start":{"line":100,"column":33},"end":{"line":100,"column":51}},{"start":{"line":100,"column":55},"end":{"line":100,"column":86}}],"line":100},"4":{"loc":{"start":{"line":100,"column":71},"end":{"line":100,"column":85}},"type":"binary-expr","locations":[{"start":{"line":100,"column":71},"end":{"line":100,"column":75}},{"start":{"line":100,"column":79},"end":{"line":100,"column":85}}],"line":100},"5":{"loc":{"start":{"line":102,"column":22},"end":{"line":102,"column":76}},"type":"cond-expr","locations":[{"start":{"line":102,"column":36},"end":{"line":102,"column":69}},{"start":{"line":102,"column":72},"end":{"line":102,"column":76}}],"line":102},"6":{"loc":{"start":{"line":103,"column":36},"end":{"line":103,"column":88}},"type":"cond-expr","locations":[{"start":{"line":103,"column":82},"end":{"line":103,"column":84}},{"start":{"line":103,"column":87},"end":{"line":103,"column":88}}],"line":103},"7":{"loc":{"start":{"line":103,"column":36},"end":{"line":103,"column":79}},"type":"binary-expr","locations":[{"start":{"line":103,"column":36},"end":{"line":103,"column":50}},{"start":{"line":103,"column":54},"end":{"line":103,"column":79}}],"line":103},"8":{"loc":{"start":{"line":115,"column":31},"end":{"line":115,"column":106}},"type":"cond-expr","locations":[{"start":{"line":115,"column":55},"end":{"line":115,"column":83}},{"start":{"line":115,"column":86},"end":{"line":115,"column":106}}],"line":115}},"s":{"0":1,"1":1,"2":1,"3":0,"4":0,"5":0,"6":0,"7":0,"8":0,"9":0,"10":0,"11":0,"12":0,"13":0,"14":0,"15":0,"16":0,"17":0,"18":0},"f":{"0":0,"1":0,"2":0,"3":0,"4":0,"5":0,"6":0,"7":0,"8":0},"b":{"0":[0,0],"1":[0,0],"2":[0,0],"3":[0,0],"4":[0,0],"5":[0,0],"6":[0,0],"7":[0,0],"8":[0,0]},"_coverageSchema":"1a1c01bbd47fc00a2c39e90264f33305004495a9","hash":"b5a5193478f1e41065ac8d1a758f24ec86312ef6"}
,"D:\\3_2\\full-stack web\\project\\Moodment\\front-end\\src\\components\\Cards\\GGMapCard.js": {"path":"D:\\3_2\\full-stack web\\project\\Moodment\\front-end\\src\\components\\Cards\\GGMapCard.js","statementMap":{"0":{"start":{"line":9,"column":2},"end":{"line":9,"column":19}},"1":{"start":{"line":10,"column":2},"end":{"line":46,"column":4}}},"fnMap":{"0":{"name":"GGMapCard","decl":{"start":{"line":8,"column":24},"end":{"line":8,"column":33}},"loc":{"start":{"line":8,"column":42},"end":{"line":47,"column":1}},"line":8}},"branchMap":{"0":{"loc":{"start":{"line":37,"column":15},"end":{"line":39,"column":56}},"type":"cond-expr","locations":[{"start":{"line":37,"column":27},"end":{"line":39,"column":49}},{"start":{"line":39,"column":52},"end":{"line":39,"column":56}}],"line":37},"1":{"loc":{"start":{"line":37,"column":27},"end":{"line":39,"column":49}},"type":"cond-expr","locations":[{"start":{"line":38,"column":18},"end":{"line":38,"column":32}},{"start":{"line":39,"column":18},"end":{"line":39,"column":49}}],"line":37}},"s":{"0":0,"1":0},"f":{"0":0},"b":{"0":[0,0],"1":[0,0]},"_coverageSchema":"1a1c01bbd47fc00a2c39e90264f33305004495a9","hash":"7ef78ec8afb4575ce3416ab3366be294a7c7be4f"}
,"D:\\3_2\\full-stack web\\project\\Moodment\\front-end\\src\\components\\Cards\\MainPageCard.js": {"path":"D:\\3_2\\full-stack web\\project\\Moodment\\front-end\\src\\components\\Cards\\MainPageCard.js","statementMap":{"0":{"start":{"line":10,"column":2},"end":{"line":114,"column":4}}},"fnMap":{"0":{"name":"MainPageCard","decl":{"start":{"line":8,"column":9},"end":{"line":8,"column":21}},"loc":{"start":{"line":8,"column":24},"end":{"line":115,"column":1}},"line":8}},"branchMap":{},"s":{"0":0},"f":{"0":0},"b":{},"_coverageSchema":"1a1c01bbd47fc00a2c39e90264f33305004495a9","hash":"cf80dcbf4005db1708c093c4261bb5137f106d12"}
,"D:\\3_2\\full-stack web\\project\\Moodment\\front-end\\src\\components\\Cards\\ServiceInfoCard.js": {"path":"D:\\3_2\\full-stack web\\project\\Moodment\\front-end\\src\\components\\Cards\\ServiceInfoCard.js","statementMap":{"0":{"start":{"line":15,"column":23},"end":{"line":22,"column":3}},"1":{"start":{"line":23,"column":19},"end":{"line":25,"column":3}},"2":{"start":{"line":27,"column":2},"end":{"line":112,"column":4}}},"fnMap":{"0":{"name":"ServiceInfoCard","decl":{"start":{"line":14,"column":24},"end":{"line":14,"column":39}},"loc":{"start":{"line":14,"column":50},"end":{"line":113,"column":1}},"line":14}},"branchMap":{"0":{"loc":{"start":{"line":35,"column":14},"end":{"line":37,"column":53}},"type":"cond-expr","locations":[{"start":{"line":36,"column":18},"end":{"line":36,"column":31}},{"start":{"line":37,"column":18},"end":{"line":37,"column":53}}],"line":35},"1":{"loc":{"start":{"line":52,"column":17},"end":{"line":56,"column":54}},"type":"cond-expr","locations":[{"start":{"line":53,"column":20},"end":{"line":53,"column":28}},{"start":{"line":54,"column":20},"end":{"line":56,"column":54}}],"line":52},"2":{"loc":{"start":{"line":54,"column":20},"end":{"line":56,"column":54}},"type":"cond-expr","locations":[{"start":{"line":55,"column":20},"end":{"line":55,"column":66}},{"start":{"line":56,"column":20},"end":{"line":56,"column":54}}],"line":54},"3":{"loc":{"start":{"line":60,"column":49},"end":{"line":60,"column":73}},"type":"binary-expr","locations":[{"start":{"line":60,"column":49},"end":{"line":60,"column":66}},{"start":{"line":60,"column":70},"end":{"line":60,"column":73}}],"line":60},"4":{"loc":{"start":{"line":62,"column":13},"end":{"line":76,"column":13}},"type":"cond-expr","locations":[{"start":{"line":63,"column":14},"end":{"line":73,"column":20}},{"start":{"line":75,"column":14},"end":{"line":75,"column":19}}],"line":62},"5":{"loc":{"start":{"line":77,"column":13},"end":{"line":91,"column":13}},"type":"cond-expr","locations":[{"start":{"line":78,"column":14},"end":{"line":88,"column":20}},{"start":{"line":90,"column":14},"end":{"line":90,"column":19}}],"line":77},"6":{"loc":{"start":{"line":92,"column":13},"end":{"line":99,"column":20}},"type":"cond-expr","locations":[{"start":{"line":93,"column":14},"end":{"line":98,"column":22}},{"start":{"line":99,"column":16},"end":{"line":99,"column":20}}],"line":92},"7":{"loc":{"start":{"line":93,"column":14},"end":{"line":98,"column":22}},"type":"cond-expr","locations":[{"start":{"line":94,"column":16},"end":{"line":97,"column":22}},{"start":{"line":98,"column":18},"end":{"line":98,"column":22}}],"line":93},"8":{"loc":{"start":{"line":100,"column":13},"end":{"line":107,"column":13}},"type":"cond-expr","locations":[{"start":{"line":101,"column":14},"end":{"line":104,"column":20}},{"start":{"line":106,"column":14},"end":{"line":106,"column":19}}],"line":100}},"s":{"0":0,"1":0,"2":0},"f":{"0":0},"b":{"0":[0,0],"1":[0,0],"2":[0,0],"3":[0,0],"4":[0,0],"5":[0,0],"6":[0,0],"7":[0,0],"8":[0,0]},"_coverageSchema":"1a1c01bbd47fc00a2c39e90264f33305004495a9","hash":"1ac08f020f8ec595b8f5494c90dcb2bbb7b15f88"}
,"D:\\3_2\\full-stack web\\project\\Moodment\\front-end\\src\\components\\Modals\\AlertModal.js": {"path":"D:\\3_2\\full-stack web\\project\\Moodment\\front-end\\src\\components\\Modals\\AlertModal.js","statementMap":{"0":{"start":{"line":10,"column":26},"end":{"line":10,"column":46}},"1":{"start":{"line":12,"column":22},"end":{"line":15,"column":3}},"2":{"start":{"line":13,"column":4},"end":{"line":13,"column":20}},"3":{"start":{"line":14,"column":4},"end":{"line":14,"column":22}},"4":{"start":{"line":17,"column":2},"end":{"line":44,"column":4}}},"fnMap":{"0":{"name":"AlertModal","decl":{"start":{"line":9,"column":24},"end":{"line":9,"column":34}},"loc":{"start":{"line":9,"column":56},"end":{"line":45,"column":1}},"line":9},"1":{"name":"(anonymous_1)","decl":{"start":{"line":12,"column":22},"end":{"line":12,"column":23}},"loc":{"start":{"line":12,"column":28},"end":{"line":15,"column":3}},"line":12}},"branchMap":{},"s":{"0":0,"1":0,"2":0,"3":0,"4":0},"f":{"0":0,"1":0},"b":{},"_coverageSchema":"1a1c01bbd47fc00a2c39e90264f33305004495a9","hash":"047e4cfed210941f667d2ad4fa8345397f819b7c"}
,"D:\\3_2\\full-stack web\\project\\Moodment\\front-end\\src\\components\\Modals\\DisclaimerModal.js": {"path":"D:\\3_2\\full-stack web\\project\\Moodment\\front-end\\src\\components\\Modals\\DisclaimerModal.js","statementMap":{"0":{"start":{"line":11,"column":17},"end":{"line":11,"column":30}},"1":{"start":{"line":12,"column":26},"end":{"line":12,"column":40}},"2":{"start":{"line":13,"column":19},"end":{"line":16,"column":3}},"3":{"start":{"line":14,"column":4},"end":{"line":14,"column":51}},"4":{"start":{"line":15,"column":4},"end":{"line":15,"column":19}},"5":{"start":{"line":17,"column":19},"end":{"line":19,"column":3}},"6":{"start":{"line":18,"column":4},"end":{"line":18,"column":22}},"7":{"start":{"line":21,"column":2},"end":{"line":119,"column":4}}},"fnMap":{"0":{"name":"DisclaimerModal","decl":{"start":{"line":10,"column":9},"end":{"line":10,"column":24}},"loc":{"start":{"line":10,"column":27},"end":{"line":120,"column":1}},"line":10},"1":{"name":"(anonymous_1)","decl":{"start":{"line":13,"column":19},"end":{"line":13,"column":20}},"loc":{"start":{"line":13,"column":25},"end":{"line":16,"column":3}},"line":13},"2":{"name":"(anonymous_2)","decl":{"start":{"line":17,"column":19},"end":{"line":17,"column":20}},"loc":{"start":{"line":17,"column":24},"end":{"line":19,"column":3}},"line":17}},"branchMap":{},"s":{"0":0,"1":0,"2":0,"3":0,"4":0,"5":0,"6":0,"7":0},"f":{"0":0,"1":0,"2":0},"b":{},"_coverageSchema":"1a1c01bbd47fc00a2c39e90264f33305004495a9","hash":"e13b7daa80dd4b6e9cd63a75b02d8d344f2eeea4"}
,"D:\\3_2\\full-stack web\\project\\Moodment\\front-end\\src\\components\\Modals\\MainPageModal.js": {"path":"D:\\3_2\\full-stack web\\project\\Moodment\\front-end\\src\\components\\Modals\\MainPageModal.js","statementMap":{"0":{"start":{"line":12,"column":28},"end":{"line":12,"column":43}},"1":{"start":{"line":16,"column":27},"end":{"line":23,"column":3}},"2":{"start":{"line":17,"column":4},"end":{"line":21,"column":5}},"3":{"start":{"line":18,"column":6},"end":{"line":18,"column":43}},"4":{"start":{"line":20,"column":6},"end":{"line":20,"column":21}},"5":{"start":{"line":24,"column":21},"end":{"line":26,"column":3}},"6":{"start":{"line":25,"column":4},"end":{"line":25,"column":24}},"7":{"start":{"line":28,"column":2},"end":{"line":79,"column":4}}},"fnMap":{"0":{"name":"MainPageModal","decl":{"start":{"line":11,"column":9},"end":{"line":11,"column":22}},"loc":{"start":{"line":11,"column":25},"end":{"line":80,"column":1}},"line":11},"1":{"name":"(anonymous_1)","decl":{"start":{"line":16,"column":27},"end":{"line":16,"column":28}},"loc":{"start":{"line":16,"column":32},"end":{"line":23,"column":3}},"line":16},"2":{"name":"(anonymous_2)","decl":{"start":{"line":24,"column":21},"end":{"line":24,"column":22}},"loc":{"start":{"line":24,"column":37},"end":{"line":26,"column":3}},"line":24}},"branchMap":{"0":{"loc":{"start":{"line":17,"column":4},"end":{"line":21,"column":5}},"type":"if","locations":[{"start":{"line":17,"column":4},"end":{"line":21,"column":5}},{"start":{"line":19,"column":11},"end":{"line":21,"column":5}}],"line":17},"1":{"loc":{"start":{"line":30,"column":9},"end":{"line":30,"column":76}},"type":"cond-expr","locations":[{"start":{"line":30,"column":17},"end":{"line":30,"column":68}},{"start":{"line":30,"column":71},"end":{"line":30,"column":76}}],"line":30}},"s":{"0":2,"1":2,"2":1,"3":0,"4":1,"5":2,"6":0,"7":2},"f":{"0":2,"1":1,"2":0},"b":{"0":[0,1],"1":[1,1]},"_coverageSchema":"1a1c01bbd47fc00a2c39e90264f33305004495a9","hash":"4caac310a1d0b38c518f9424e520ef05e834cde2"}
,"D:\\3_2\\full-stack web\\project\\Moodment\\front-end\\src\\components\\Modals\\ResultModal.js": {"path":"D:\\3_2\\full-stack web\\project\\Moodment\\front-end\\src\\components\\Modals\\ResultModal.js","statementMap":{"0":{"start":{"line":17,"column":26},"end":{"line":17,"column":44}},"1":{"start":{"line":18,"column":44},"end":{"line":18,"column":56}},"2":{"start":{"line":19,"column":22},"end":{"line":19,"column":42}},"3":{"start":{"line":19,"column":28},"end":{"line":19,"column":42}},"4":{"start":{"line":21,"column":24},"end":{"line":24,"column":3}},"5":{"start":{"line":22,"column":13},"end":{"line":22,"column":86}},"6":{"start":{"line":26,"column":2},"end":{"line":46,"column":9}},"7":{"start":{"line":27,"column":22},"end":{"line":43,"column":5}},"8":{"start":{"line":28,"column":22},"end":{"line":28,"column":72}},"9":{"start":{"line":29,"column":5},"end":{"line":29,"column":26}},"10":{"start":{"line":30,"column":6},"end":{"line":41,"column":7}},"11":{"start":{"line":30,"column":23},"end":{"line":30,"column":24}},"12":{"start":{"line":31,"column":22},"end":{"line":31,"column":26}},"13":{"start":{"line":32,"column":19},"end":{"line":32,"column":67}},"14":{"start":{"line":33,"column":8},"end":{"line":38,"column":9}},"15":{"start":{"line":34,"column":10},"end":{"line":34,"column":65}},"16":{"start":{"line":35,"column":10},"end":{"line":37,"column":11}},"17":{"start":{"line":36,"column":12},"end":{"line":36,"column":17}},"18":{"start":{"line":39,"column":8},"end":{"line":39,"column":73}},"19":{"start":{"line":39,"column":37},"end":{"line":39,"column":71}},"20":{"start":{"line":40,"column":8},"end":{"line":40,"column":40}},"21":{"start":{"line":42,"column":6},"end":{"line":42,"column":21}},"22":{"start":{"line":44,"column":34},"end":{"line":44,"column":82}},"23":{"start":{"line":45,"column":4},"end":{"line":45,"column":35}},"24":{"start":{"line":48,"column":20},"end":{"line":51,"column":3}},"25":{"start":{"line":49,"column":4},"end":{"line":49,"column":18}},"26":{"start":{"line":50,"column":4},"end":{"line":50,"column":22}},"27":{"start":{"line":53,"column":21},"end":{"line":55,"column":3}},"28":{"start":{"line":54,"column":4},"end":{"line":54,"column":31}},"29":{"start":{"line":57,"column":2},"end":{"line":214,"column":4}},"30":{"start":{"line":130,"column":31},"end":{"line":130,"column":58}},"31":{"start":{"line":150,"column":12},"end":{"line":207,"column":11}},"32":{"start":{"line":152,"column":29},"end":{"line":152,"column":50}}},"fnMap":{"0":{"name":"ResultModal","decl":{"start":{"line":16,"column":9},"end":{"line":16,"column":20}},"loc":{"start":{"line":16,"column":43},"end":{"line":215,"column":1}},"line":16},"1":{"name":"(anonymous_1)","decl":{"start":{"line":19,"column":22},"end":{"line":19,"column":23}},"loc":{"start":{"line":19,"column":28},"end":{"line":19,"column":42}},"line":19},"2":{"name":"(anonymous_2)","decl":{"start":{"line":22,"column":4},"end":{"line":22,"column":5}},"loc":{"start":{"line":22,"column":13},"end":{"line":22,"column":86}},"line":22},"3":{"name":"(anonymous_3)","decl":{"start":{"line":26,"column":13},"end":{"line":26,"column":14}},"loc":{"start":{"line":26,"column":19},"end":{"line":46,"column":3}},"line":26},"4":{"name":"(anonymous_4)","decl":{"start":{"line":27,"column":22},"end":{"line":27,"column":23}},"loc":{"start":{"line":27,"column":42},"end":{"line":43,"column":5}},"line":27},"5":{"name":"(anonymous_5)","decl":{"start":{"line":39,"column":25},"end":{"line":39,"column":26}},"loc":{"start":{"line":39,"column":37},"end":{"line":39,"column":71}},"line":39},"6":{"name":"(anonymous_6)","decl":{"start":{"line":48,"column":20},"end":{"line":48,"column":21}},"loc":{"start":{"line":48,"column":28},"end":{"line":51,"column":3}},"line":48},"7":{"name":"(anonymous_7)","decl":{"start":{"line":53,"column":21},"end":{"line":53,"column":22}},"loc":{"start":{"line":53,"column":27},"end":{"line":55,"column":3}},"line":53},"8":{"name":"(anonymous_8)","decl":{"start":{"line":130,"column":25},"end":{"line":130,"column":26}},"loc":{"start":{"line":130,"column":31},"end":{"line":130,"column":58}},"line":130},"9":{"name":"(anonymous_9)","decl":{"start":{"line":149,"column":28},"end":{"line":149,"column":29}},"loc":{"start":{"line":149,"column":48},"end":{"line":207,"column":12}},"line":149},"10":{"name":"(anonymous_10)","decl":{"start":{"line":152,"column":23},"end":{"line":152,"column":24}},"loc":{"start":{"line":152,"column":29},"end":{"line":152,"column":50}},"line":152}},"branchMap":{"0":{"loc":{"start":{"line":35,"column":10},"end":{"line":37,"column":11}},"type":"if","locations":[{"start":{"line":35,"column":10},"end":{"line":37,"column":11}},{"start":{},"end":{}}],"line":35},"1":{"loc":{"start":{"line":35,"column":13},"end":{"line":35,"column":49}},"type":"binary-expr","locations":[{"start":{"line":35,"column":13},"end":{"line":35,"column":29}},{"start":{"line":35,"column":33},"end":{"line":35,"column":49}}],"line":35},"2":{"loc":{"start":{"line":83,"column":11},"end":{"line":119,"column":11}},"type":"cond-expr","locations":[{"start":{"line":84,"column":12},"end":{"line":107,"column":18}},{"start":{"line":109,"column":12},"end":{"line":118,"column":18}}],"line":83},"3":{"loc":{"start":{"line":127,"column":13},"end":{"line":136,"column":13}},"type":"cond-expr","locations":[{"start":{"line":128,"column":14},"end":{"line":133,"column":28}},{"start":{"line":135,"column":14},"end":{"line":135,"column":19}}],"line":127},"4":{"loc":{"start":{"line":148,"column":12},"end":{"line":209,"column":15}},"type":"cond-expr","locations":[{"start":{"line":149,"column":10},"end":{"line":207,"column":13}},{"start":{"line":209,"column":10},"end":{"line":209,"column":15}}],"line":148},"5":{"loc":{"start":{"line":174,"column":24},"end":{"line":176,"column":63}},"type":"cond-expr","locations":[{"start":{"line":175,"column":28},"end":{"line":175,"column":44}},{"start":{"line":176,"column":28},"end":{"line":176,"column":63}}],"line":174},"6":{"loc":{"start":{"line":195,"column":29},"end":{"line":195,"column":81}},"type":"cond-expr","locations":[{"start":{"line":195,"column":57},"end":{"line":195,"column":62}},{"start":{"line":195,"column":65},"end":{"line":195,"column":81}}],"line":195},"7":{"loc":{"start":{"line":197,"column":29},"end":{"line":199,"column":34}},"type":"cond-expr","locations":[{"start":{"line":198,"column":32},"end":{"line":198,"column":80}},{"start":{"line":199,"column":32},"end":{"line":199,"column":34}}],"line":197},"8":{"loc":{"start":{"line":201,"column":27},"end":{"line":201,"column":124}},"type":"cond-expr","locations":[{"start":{"line":201,"column":55},"end":{"line":201,"column":63}},{"start":{"line":201,"column":66},"end":{"line":201,"column":124}}],"line":201},"9":{"loc":{"start":{"line":201,"column":66},"end":{"line":201,"column":124}},"type":"cond-expr","locations":[{"start":{"line":201,"column":92},"end":{"line":201,"column":112}},{"start":{"line":201,"column":115},"end":{"line":201,"column":124}}],"line":201}},"s":{"0":0,"1":0,"2":0,"3":0,"4":0,"5":0,"6":0,"7":0,"8":0,"9":0,"10":0,"11":0,"12":0,"13":0,"14":0,"15":0,"16":0,"17":0,"18":0,"19":0,"20":0,"21":0,"22":0,"23":0,"24":0,"25":0,"26":0,"27":0,"28":0,"29":0,"30":0,"31":0,"32":0},"f":{"0":0,"1":0,"2":0,"3":0,"4":0,"5":0,"6":0,"7":0,"8":0,"9":0,"10":0},"b":{"0":[0,0],"1":[0,0],"2":[0,0],"3":[0,0],"4":[0,0],"5":[0,0],"6":[0,0],"7":[0,0],"8":[0,0],"9":[0,0]},"_coverageSchema":"1a1c01bbd47fc00a2c39e90264f33305004495a9","hash":"3282b4074d872dab48cb308481118a6a05ece98a"}
,"D:\\3_2\\full-stack web\\project\\Moodment\\front-end\\src\\pages\\NotFound.js": {"path":"D:\\3_2\\full-stack web\\project\\Moodment\\front-end\\src\\pages\\NotFound.js","statementMap":{"0":{"start":{"line":9,"column":2},"end":{"line":31,"column":4}}},"fnMap":{"0":{"name":"NotFound","decl":{"start":{"line":8,"column":9},"end":{"line":8,"column":17}},"loc":{"start":{"line":8,"column":20},"end":{"line":32,"column":1}},"line":8}},"branchMap":{},"s":{"0":0},"f":{"0":0},"b":{},"_coverageSchema":"1a1c01bbd47fc00a2c39e90264f33305004495a9","hash":"d651097c99b7b402ee27af5cd5354987da25d3da"}
,"D:\\3_2\\full-stack web\\project\\Moodment\\front-end\\src\\pages\\Assessment\\Assessment.js": {"path":"D:\\3_2\\full-stack web\\project\\Moodment\\front-end\\src\\pages\\Assessment\\Assessment.js","statementMap":{"0":{"start":{"line":15,"column":42},"end":{"line":15,"column":54}},"1":{"start":{"line":16,"column":38},"end":{"line":16,"column":53}},"2":{"start":{"line":17,"column":38},"end":{"line":17,"column":53}},"3":{"start":{"line":18,"column":30},"end":{"line":18,"column":44}},"4":{"start":{"line":19,"column":2},"end":{"line":21,"column":9}},"5":{"start":{"line":25,"column":4},"end":{"line":33,"column":5}},"6":{"start":{"line":26,"column":8},"end":{"line":26,"column":20}},"7":{"start":{"line":27,"column":8},"end":{"line":27,"column":17}},"8":{"start":{"line":28,"column":10},"end":{"line":33,"column":5}},"9":{"start":{"line":29,"column":8},"end":{"line":29,"column":20}},"10":{"start":{"line":30,"column":8},"end":{"line":30,"column":17}},"11":{"start":{"line":32,"column":6},"end":{"line":32,"column":17}},"12":{"start":{"line":38,"column":4},"end":{"line":44,"column":5}},"13":{"start":{"line":39,"column":6},"end":{"line":39,"column":26}},"14":{"start":{"line":42,"column":6},"end":{"line":42,"column":48}},"15":{"start":{"line":43,"column":6},"end":{"line":43,"column":25}},"16":{"start":{"line":47,"column":20},"end":{"line":51,"column":3}},"17":{"start":{"line":48,"column":20},"end":{"line":48,"column":32}},"18":{"start":{"line":49,"column":4},"end":{"line":49,"column":27}},"19":{"start":{"line":50,"column":4},"end":{"line":50,"column":31}},"20":{"start":{"line":53,"column":28},"end":{"line":55,"column":3}},"21":{"start":{"line":54,"column":4},"end":{"line":54,"column":63}},"22":{"start":{"line":57,"column":21},"end":{"line":57,"column":64}},"23":{"start":{"line":58,"column":20},"end":{"line":69,"column":3}},"24":{"start":{"line":71,"column":2},"end":{"line":122,"column":4}},"25":{"start":{"line":91,"column":16},"end":{"line":97,"column":18}},"26":{"start":{"line":93,"column":20},"end":{"line":93,"column":51}},"27":{"start":{"line":111,"column":23},"end":{"line":111,"column":43}},"28":{"start":{"line":114,"column":25},"end":{"line":114,"column":45}}},"fnMap":{"0":{"name":"Assessment","decl":{"start":{"line":13,"column":9},"end":{"line":13,"column":19}},"loc":{"start":{"line":13,"column":22},"end":{"line":123,"column":1}},"line":13},"1":{"name":"(anonymous_1)","decl":{"start":{"line":19,"column":12},"end":{"line":19,"column":13}},"loc":{"start":{"line":19,"column":18},"end":{"line":21,"column":3}},"line":19},"2":{"name":"twoQ","decl":{"start":{"line":23,"column":11},"end":{"line":23,"column":15}},"loc":{"start":{"line":23,"column":18},"end":{"line":35,"column":3}},"line":23},"3":{"name":"actionSubmit","decl":{"start":{"line":37,"column":11},"end":{"line":37,"column":23}},"loc":{"start":{"line":37,"column":26},"end":{"line":45,"column":3}},"line":37},"4":{"name":"(anonymous_4)","decl":{"start":{"line":47,"column":20},"end":{"line":47,"column":21}},"loc":{"start":{"line":47,"column":36},"end":{"line":51,"column":3}},"line":47},"5":{"name":"(anonymous_5)","decl":{"start":{"line":53,"column":28},"end":{"line":53,"column":29}},"loc":{"start":{"line":53,"column":34},"end":{"line":55,"column":3}},"line":53},"6":{"name":"(anonymous_6)","decl":{"start":{"line":90,"column":29},"end":{"line":90,"column":30}},"loc":{"start":{"line":91,"column":16},"end":{"line":97,"column":18}},"line":91},"7":{"name":"(anonymous_7)","decl":{"start":{"line":92,"column":28},"end":{"line":92,"column":29}},"loc":{"start":{"line":92,"column":40},"end":{"line":94,"column":19}},"line":92},"8":{"name":"(anonymous_8)","decl":{"start":{"line":111,"column":17},"end":{"line":111,"column":18}},"loc":{"start":{"line":111,"column":23},"end":{"line":111,"column":43}},"line":111},"9":{"name":"(anonymous_9)","decl":{"start":{"line":114,"column":19},"end":{"line":114,"column":20}},"loc":{"start":{"line":114,"column":25},"end":{"line":114,"column":45}},"line":114}},"branchMap":{"0":{"loc":{"start":{"line":25,"column":4},"end":{"line":33,"column":5}},"type":"if","locations":[{"start":{"line":25,"column":4},"end":{"line":33,"column":5}},{"start":{"line":28,"column":10},"end":{"line":33,"column":5}}],"line":25},"1":{"loc":{"start":{"line":28,"column":10},"end":{"line":33,"column":5}},"type":"if","locations":[{"start":{"line":28,"column":10},"end":{"line":33,"column":5}},{"start":{"line":31,"column":11},"end":{"line":33,"column":5}}],"line":28},"2":{"loc":{"start":{"line":28,"column":14},"end":{"line":28,"column":104}},"type":"binary-expr","locations":[{"start":{"line":28,"column":15},"end":{"line":28,"column":36}},{"start":{"line":28,"column":40},"end":{"line":28,"column":61}},{"start":{"line":28,"column":66},"end":{"line":28,"column":104}}],"line":28},"3":{"loc":{"start":{"line":38,"column":4},"end":{"line":44,"column":5}},"type":"if","locations":[{"start":{"line":38,"column":4},"end":{"line":44,"column":5}},{"start":{"line":41,"column":8},"end":{"line":44,"column":5}}],"line":38},"4":{"loc":{"start":{"line":77,"column":43},"end":{"line":77,"column":64}},"type":"binary-expr","locations":[{"start":{"line":77,"column":43},"end":{"line":77,"column":59}},{"start":{"line":77,"column":63},"end":{"line":77,"column":64}}],"line":77},"5":{"loc":{"start":{"line":79,"column":39},"end":{"line":79,"column":60}},"type":"binary-expr","locations":[{"start":{"line":79,"column":39},"end":{"line":79,"column":55}},{"start":{"line":79,"column":59},"end":{"line":79,"column":60}}],"line":79}},"s":{"0":2,"1":2,"2":2,"3":2,"4":2,"5":0,"6":0,"7":0,"8":0,"9":0,"10":0,"11":0,"12":0,"13":0,"14":0,"15":0,"16":2,"17":0,"18":0,"19":0,"20":2,"21":0,"22":2,"23":2,"24":2,"25":4,"26":0,"27":0,"28":0},"f":{"0":2,"1":0,"2":0,"3":0,"4":0,"5":0,"6":4,"7":0,"8":0,"9":0},"b":{"0":[0,0],"1":[0,0],"2":[0,0,0],"3":[0,0],"4":[2,0],"5":[2,0]},"_coverageSchema":"1a1c01bbd47fc00a2c39e90264f33305004495a9","hash":"26ea64bfc73119a27203b80a57d84b87e3eb4858"}
,"D:\\3_2\\full-stack web\\project\\Moodment\\front-end\\src\\pages\\Assessment\\components\\QuestionCardList.js": {"path":"D:\\3_2\\full-stack web\\project\\Moodment\\front-end\\src\\pages\\Assessment\\components\\QuestionCardList.js","statementMap":{"0":{"start":{"line":14,"column":15},"end":{"line":21,"column":5}},"1":{"start":{"line":14,"column":45},"end":{"line":21,"column":3}},"2":{"start":{"line":23,"column":2},"end":{"line":35,"column":4}}},"fnMap":{"0":{"name":"QuestionCardList","decl":{"start":{"line":7,"column":9},"end":{"line":7,"column":25}},"loc":{"start":{"line":7,"column":48},"end":{"line":36,"column":1}},"line":7},"1":{"name":"(anonymous_1)","decl":{"start":{"line":14,"column":29},"end":{"line":14,"column":30}},"loc":{"start":{"line":14,"column":45},"end":{"line":21,"column":3}},"line":14}},"branchMap":{},"s":{"0":0,"1":0,"2":0},"f":{"0":0,"1":0},"b":{},"_coverageSchema":"1a1c01bbd47fc00a2c39e90264f33305004495a9","hash":"0a61e7ef410bbdc90006b638cc8ec5c2d422aca0"}
,"D:\\3_2\\full-stack web\\project\\Moodment\\front-end\\src\\pages\\Assessment\\components\\Radios.js": {"path":"D:\\3_2\\full-stack web\\project\\Moodment\\front-end\\src\\pages\\Assessment\\components\\Radios.js","statementMap":{"0":{"start":{"line":9,"column":4},"end":{"line":21,"column":5}},"1":{"start":{"line":17,"column":45},"end":{"line":17,"column":56}},"2":{"start":{"line":18,"column":45},"end":{"line":18,"column":56}}},"fnMap":{"0":{"name":"Radios","decl":{"start":{"line":8,"column":9},"end":{"line":8,"column":15}},"loc":{"start":{"line":8,"column":42},"end":{"line":22,"column":1}},"line":8},"1":{"name":"(anonymous_1)","decl":{"start":{"line":17,"column":39},"end":{"line":17,"column":40}},"loc":{"start":{"line":17,"column":45},"end":{"line":17,"column":56}},"line":17},"2":{"name":"(anonymous_2)","decl":{"start":{"line":18,"column":39},"end":{"line":18,"column":40}},"loc":{"start":{"line":18,"column":45},"end":{"line":18,"column":56}},"line":18}},"branchMap":{},"s":{"0":0,"1":0,"2":0},"f":{"0":0,"1":0,"2":0},"b":{},"_coverageSchema":"1a1c01bbd47fc00a2c39e90264f33305004495a9","hash":"5e526710d146648d85e98fa6fdbc8c652c0d07cb"}
,"D:\\3_2\\full-stack web\\project\\Moodment\\front-end\\src\\pages\\FAQ\\FAQ.js": {"path":"D:\\3_2\\full-stack web\\project\\Moodment\\front-end\\src\\pages\\FAQ\\FAQ.js","statementMap":{"0":{"start":{"line":4,"column":2},"end":{"line":4,"column":24}}},"fnMap":{"0":{"name":"FAQ","decl":{"start":{"line":3,"column":9},"end":{"line":3,"column":12}},"loc":{"start":{"line":3,"column":15},"end":{"line":5,"column":1}},"line":3}},"branchMap":{},"s":{"0":0},"f":{"0":0},"b":{},"_coverageSchema":"1a1c01bbd47fc00a2c39e90264f33305004495a9","hash":"c6836a8ab0ff2ec90d57cd8830bdf95e0cd632fe"}
,"D:\\3_2\\full-stack web\\project\\Moodment\\front-end\\src\\pages\\Home\\Home.js": {"path":"D:\\3_2\\full-stack web\\project\\Moodment\\front-end\\src\\pages\\Home\\Home.js","statementMap":{"0":{"start":{"line":12,"column":23},"end":{"line":15,"column":3}},"1":{"start":{"line":14,"column":4},"end":{"line":14,"column":36}},"2":{"start":{"line":16,"column":2},"end":{"line":63,"column":4}}},"fnMap":{"0":{"name":"Home","decl":{"start":{"line":10,"column":9},"end":{"line":10,"column":13}},"loc":{"start":{"line":10,"column":16},"end":{"line":64,"column":1}},"line":10},"1":{"name":"(anonymous_1)","decl":{"start":{"line":12,"column":23},"end":{"line":12,"column":24}},"loc":{"start":{"line":12,"column":29},"end":{"line":15,"column":3}},"line":12}},"branchMap":{"0":{"loc":{"start":{"line":18,"column":7},"end":{"line":18,"column":71}},"type":"cond-expr","locations":[{"start":{"line":18,"column":46},"end":{"line":18,"column":51}},{"start":{"line":18,"column":54},"end":{"line":18,"column":71}}],"line":18}},"s":{"0":3,"1":1,"2":3},"f":{"0":3,"1":1},"b":{"0":[0,3]},"_coverageSchema":"1a1c01bbd47fc00a2c39e90264f33305004495a9","hash":"09e3d6ad3b8cb0a9f2cb5f64bd54119f606c2444"}
,"D:\\3_2\\full-stack web\\project\\Moodment\\front-end\\src\\pages\\ServiceCenter\\ServiceCenter.js": {"path":"D:\\3_2\\full-stack web\\project\\Moodment\\front-end\\src\\pages\\ServiceCenter\\ServiceCenter.js","statementMap":{"0":{"start":{"line":4,"column":2},"end":{"line":6,"column":3}}},"fnMap":{"0":{"name":"ServiceCenter","decl":{"start":{"line":3,"column":9},"end":{"line":3,"column":22}},"loc":{"start":{"line":3,"column":25},"end":{"line":7,"column":1}},"line":3}},"branchMap":{},"s":{"0":0},"f":{"0":0},"b":{},"_coverageSchema":"1a1c01bbd47fc00a2c39e90264f33305004495a9","hash":"d00816cf1a766a6664d3243907759e3e49e7073f"}
,"D:\\3_2\\full-stack web\\project\\Moodment\\front-end\\src\\pages\\ServiceCenter\\ServiceCenterInfo.js": {"path":"D:\\3_2\\full-stack web\\project\\Moodment\\front-end\\src\\pages\\ServiceCenter\\ServiceCenterInfo.js","statementMap":{"0":{"start":{"line":21,"column":13},"end":{"line":26,"column":3}},"1":{"start":{"line":21,"column":43},"end":{"line":26,"column":1}},"2":{"start":{"line":30,"column":46},"end":{"line":30,"column":58}},"3":{"start":{"line":32,"column":4},"end":{"line":40,"column":11}},"4":{"start":{"line":33,"column":25},"end":{"line":33,"column":56}},"5":{"start":{"line":34,"column":27},"end":{"line":38,"column":9}},"6":{"start":{"line":35,"column":29},"end":{"line":35,"column":67}},"7":{"start":{"line":36,"column":12},"end":{"line":36,"column":43}},"8":{"start":{"line":37,"column":12},"end":{"line":37,"column":32}},"9":{"start":{"line":39,"column":8},"end":{"line":39,"column":47}},"10":{"start":{"line":41,"column":25},"end":{"line":53,"column":1}},"11":{"start":{"line":57,"column":2},"end":{"line":85,"column":4}},"12":{"start":{"line":72,"column":55},"end":{"line":72,"column":94}}},"fnMap":{"0":{"name":"(anonymous_0)","decl":{"start":{"line":21,"column":27},"end":{"line":21,"column":28}},"loc":{"start":{"line":21,"column":43},"end":{"line":26,"column":1}},"line":21},"1":{"name":"ServiceCenterInfo","decl":{"start":{"line":29,"column":9},"end":{"line":29,"column":26}},"loc":{"start":{"line":29,"column":29},"end":{"line":86,"column":1}},"line":29},"2":{"name":"(anonymous_2)","decl":{"start":{"line":32,"column":14},"end":{"line":32,"column":15}},"loc":{"start":{"line":32,"column":20},"end":{"line":40,"column":5}},"line":32},"3":{"name":"(anonymous_3)","decl":{"start":{"line":34,"column":27},"end":{"line":34,"column":28}},"loc":{"start":{"line":34,"column":41},"end":{"line":38,"column":9}},"line":34},"4":{"name":"(anonymous_4)","decl":{"start":{"line":72,"column":36},"end":{"line":72,"column":37}},"loc":{"start":{"line":72,"column":55},"end":{"line":72,"column":94}},"line":72}},"branchMap":{"0":{"loc":{"start":{"line":66,"column":15},"end":{"line":66,"column":86}},"type":"cond-expr","locations":[{"start":{"line":66,"column":49},"end":{"line":66,"column":54}},{"start":{"line":66,"column":57},"end":{"line":66,"column":86}}],"line":66}},"s":{"0":1,"1":0,"2":0,"3":0,"4":0,"5":0,"6":0,"7":0,"8":0,"9":0,"10":0,"11":0,"12":0},"f":{"0":0,"1":0,"2":0,"3":0,"4":0},"b":{"0":[0,0]},"_coverageSchema":"1a1c01bbd47fc00a2c39e90264f33305004495a9","hash":"17540cf0e567592685b0a11e526106001e89d073"}
,"D:\\3_2\\full-stack web\\project\\Moodment\\front-end\\src\\pages\\ServiceCenter\\components\\CommentBox.js": {"path":"D:\\3_2\\full-stack web\\project\\Moodment\\front-end\\src\\pages\\ServiceCenter\\components\\CommentBox.js","statementMap":{"0":{"start":{"line":13,"column":2},"end":{"line":38,"column":4}}},"fnMap":{"0":{"name":"CommentBox","decl":{"start":{"line":12,"column":24},"end":{"line":12,"column":34}},"loc":{"start":{"line":12,"column":80},"end":{"line":39,"column":1}},"line":12}},"branchMap":{},"s":{"0":0},"f":{"0":0},"b":{},"_coverageSchema":"1a1c01bbd47fc00a2c39e90264f33305004495a9","hash":"0948526a09ea3eb1405d18c4db95bc2da438a4fb"}
,"D:\\3_2\\full-stack web\\project\\Moodment\\front-end\\src\\pages\\ServiceCenter\\components\\ReviewForm.js": {"path":"D:\\3_2\\full-stack web\\project\\Moodment\\front-end\\src\\pages\\ServiceCenter\\components\\ReviewForm.js","statementMap":{"0":{"start":{"line":13,"column":26},"end":{"line":13,"column":38}},"1":{"start":{"line":14,"column":2},"end":{"line":55,"column":4}},"2":{"start":{"line":35,"column":27},"end":{"line":35,"column":50}}},"fnMap":{"0":{"name":"ReviewForm","decl":{"start":{"line":12,"column":9},"end":{"line":12,"column":19}},"loc":{"start":{"line":12,"column":22},"end":{"line":56,"column":1}},"line":12},"1":{"name":"(anonymous_1)","decl":{"start":{"line":35,"column":20},"end":{"line":35,"column":21}},"loc":{"start":{"line":35,"column":27},"end":{"line":35,"column":50}},"line":35}},"branchMap":{"0":{"loc":{"start":{"line":44,"column":9},"end":{"line":52,"column":9}},"type":"cond-expr","locations":[{"start":{"line":45,"column":10},"end":{"line":47,"column":20}},{"start":{"line":49,"column":10},"end":{"line":51,"column":25}}],"line":44}},"s":{"0":0,"1":0,"2":0},"f":{"0":0,"1":0},"b":{"0":[0,0]},"_coverageSchema":"1a1c01bbd47fc00a2c39e90264f33305004495a9","hash":"446d9cc45274a60b10a7f8c8699df3630ae2128a"}
,"D:\\3_2\\full-stack web\\project\\Moodment\\front-end\\src\\services\\request.js": {"path":"D:\\3_2\\full-stack web\\project\\Moodment\\front-end\\src\\services\\request.js","statementMap":{"0":{"start":{"line":4,"column":17},"end":{"line":6,"column":2}}},"fnMap":{},"branchMap":{},"s":{"0":2},"f":{},"b":{},"_coverageSchema":"1a1c01bbd47fc00a2c39e90264f33305004495a9","hash":"d52c41d55da1d859441a2172d43ce7bdaf1d4fbb"}
,"D:\\3_2\\full-stack web\\project\\Moodment\\front-end\\src\\services\\settings.js": {"path":"D:\\3_2\\full-stack web\\project\\Moodment\\front-end\\src\\services\\settings.js","statementMap":{"0":{"start":{"line":1,"column":15},"end":{"line":4,"column":1}}},"fnMap":{},"branchMap":{},"s":{"0":2},"f":{},"b":{},"_coverageSchema":"1a1c01bbd47fc00a2c39e90264f33305004495a9","hash":"b53bc3c30e428630c071a56596d6646c45204147"}
,"D:\\3_2\\full-stack web\\project\\Moodment\\front-end\\src\\services\\api\\auth.js": {"path":"D:\\3_2\\full-stack web\\project\\Moodment\\front-end\\src\\services\\api\\auth.js","statementMap":{"0":{"start":{"line":3,"column":13},"end":{"line":41,"column":1}},"1":{"start":{"line":5,"column":8},"end":{"line":11,"column":9}},"2":{"start":{"line":6,"column":29},"end":{"line":6,"column":61}},"3":{"start":{"line":7,"column":12},"end":{"line":7,"column":27}},"4":{"start":{"line":10,"column":12},"end":{"line":10,"column":26}},"5":{"start":{"line":14,"column":8},"end":{"line":20,"column":9}},"6":{"start":{"line":15,"column":29},"end":{"line":15,"column":61}},"7":{"start":{"line":16,"column":12},"end":{"line":16,"column":27}},"8":{"start":{"line":19,"column":12},"end":{"line":19,"column":26}},"9":{"start":{"line":23,"column":8},"end":{"line":29,"column":9}},"10":{"start":{"line":24,"column":29},"end":{"line":24,"column":90}},"11":{"start":{"line":25,"column":12},"end":{"line":25,"column":27}},"12":{"start":{"line":28,"column":12},"end":{"line":28,"column":26}},"13":{"start":{"line":33,"column":8},"end":{"line":39,"column":9}},"14":{"start":{"line":34,"column":29},"end":{"line":34,"column":65}},"15":{"start":{"line":35,"column":12},"end":{"line":35,"column":27}},"16":{"start":{"line":38,"column":12},"end":{"line":38,"column":26}}},"fnMap":{"0":{"name":"(anonymous_0)","decl":{"start":{"line":4,"column":13},"end":{"line":4,"column":14}},"loc":{"start":{"line":4,"column":27},"end":{"line":12,"column":5}},"line":4},"1":{"name":"(anonymous_1)","decl":{"start":{"line":13,"column":25},"end":{"line":13,"column":26}},"loc":{"start":{"line":13,"column":39},"end":{"line":21,"column":5}},"line":13},"2":{"name":"(anonymous_2)","decl":{"start":{"line":22,"column":32},"end":{"line":22,"column":33}},"loc":{"start":{"line":22,"column":52},"end":{"line":30,"column":5}},"line":22},"3":{"name":"(anonymous_3)","decl":{"start":{"line":32,"column":26},"end":{"line":32,"column":27}},"loc":{"start":{"line":32,"column":40},"end":{"line":40,"column":5}},"line":32}},"branchMap":{},"s":{"0":2,"1":0,"2":0,"3":0,"4":0,"5":0,"6":0,"7":0,"8":0,"9":0,"10":0,"11":0,"12":0,"13":0,"14":0,"15":0,"16":0},"f":{"0":0,"1":0,"2":0,"3":0},"b":{},"_coverageSchema":"1a1c01bbd47fc00a2c39e90264f33305004495a9","hash":"d301530aba5f9c48fc890b24fe140376d0e11ad9"}
,"D:\\3_2\\full-stack web\\project\\Moodment\\front-end\\src\\tests\\localStorage.js": {"path":"D:\\3_2\\full-stack web\\project\\Moodment\\front-end\\src\\tests\\localStorage.js","statementMap":{"0":{"start":{"line":2,"column":0},"end":{"line":13,"column":2}},"1":{"start":{"line":5,"column":8},"end":{"line":5,"column":30}},"2":{"start":{"line":8,"column":8},"end":{"line":8,"column":31}},"3":{"start":{"line":11,"column":8},"end":{"line":11,"column":30}}},"fnMap":{"0":{"name":"(anonymous_0)","decl":{"start":{"line":4,"column":4},"end":{"line":4,"column":5}},"loc":{"start":{"line":4,"column":17},"end":{"line":6,"column":5}},"line":4},"1":{"name":"(anonymous_1)","decl":{"start":{"line":7,"column":4},"end":{"line":7,"column":5}},"loc":{"start":{"line":7,"column":24},"end":{"line":9,"column":5}},"line":7},"2":{"name":"(anonymous_2)","decl":{"start":{"line":10,"column":4},"end":{"line":10,"column":5}},"loc":{"start":{"line":10,"column":20},"end":{"line":12,"column":5}},"line":10}},"branchMap":{},"s":{"0":1,"1":6,"2":1,"3":2},"f":{"0":6,"1":1,"2":2},"b":{},"_coverageSchema":"1a1c01bbd47fc00a2c39e90264f33305004495a9","hash":"e41b6e80eee60956dec80f77bc4cf9d396f2e04a"}
}
