TN:
SF:src\App.js
FN:19,(anonymous_0)
FN:32,(anonymous_1)
FNF:2
FNH:1
FNDA:0,(anonymous_0)
FNDA:1,(anonymous_1)
DA:19,1
DA:20,0
DA:29,0
DA:32,1
DA:33,1
LF:5
LH:3
BRF:0
BRH:0
end_of_record
TN:
SF:src\components\Button.js
FN:84,DarkGrayBut
FN:85,(anonymous_1)
FN:88,LightGrayBut
FN:89,(anonymous_3)
FN:93,RedDelBut
FN:94,(anonymous_5)
FN:97,BlueBut
FN:98,(anonymous_7)
FNF:8
FNH:0
FNDA:0,DarkGrayBut
FNDA:0,(anonymous_1)
FNDA:0,LightGrayBut
FNDA:0,(anonymous_3)
FNDA:0,RedDelBut
FNDA:0,(anonymous_5)
FNDA:0,BlueBut
FNDA:0,(anonymous_7)
DA:6,4
DA:24,4
DA:44,4
DA:64,4
DA:85,0
DA:89,0
DA:94,0
DA:98,0
LF:8
LH:4
BRF:0
BRH:0
end_of_record
TN:
SF:src\components\Navbar.js
FN:20,(anonymous_0)
FN:25,(anonymous_1)
FN:28,(anonymous_2)
FN:32,(anonymous_3)
FN:36,(anonymous_4)
FN:81,(anonymous_5)
FN:96,(anonymous_6)
FN:100,(anonymous_7)
FN:152,(anonymous_8)
FNF:9
FNH:0
FNDA:0,(anonymous_0)
FNDA:0,(anonymous_1)
FNDA:0,(anonymous_2)
FNDA:0,(anonymous_3)
FNDA:0,(anonymous_4)
FNDA:0,(anonymous_5)
FNDA:0,(anonymous_6)
FNDA:0,(anonymous_7)
FNDA:0,(anonymous_8)
DA:17,1
DA:18,1
DA:20,1
DA:21,0
DA:22,0
DA:23,0
DA:25,0
DA:26,0
DA:28,0
DA:29,0
DA:32,0
DA:33,0
DA:36,0
DA:37,0
DA:40,0
DA:82,0
DA:97,0
DA:100,0
DA:153,0
LF:19
LH:3
BRDA:82,0,0,0
BRDA:82,0,1,0
BRDA:99,1,0,0
BRDA:99,1,1,0
BRDA:99,2,0,0
BRDA:99,2,1,0
BRDA:100,3,0,0
BRDA:100,3,1,0
BRDA:100,4,0,0
BRDA:100,4,1,0
BRDA:102,5,0,0
BRDA:102,5,1,0
BRDA:103,6,0,0
BRDA:103,6,1,0
BRDA:103,7,0,0
BRDA:103,7,1,0
BRDA:115,8,0,0
BRDA:115,8,1,0
BRF:18
BRH:0
end_of_record
TN:
SF:src\components\Cards\GGMapCard.js
FN:8,GGMapCard
FNF:1
FNH:0
FNDA:0,GGMapCard
DA:9,0
DA:10,0
LF:2
LH:0
BRDA:37,0,0,0
BRDA:37,0,1,0
BRDA:37,1,0,0
BRDA:37,1,1,0
BRF:4
BRH:0
end_of_record
TN:
SF:src\components\Cards\MainPageCard.js
FN:8,MainPageCard
FNF:1
FNH:0
FNDA:0,MainPageCard
DA:10,0
LF:1
LH:0
BRF:0
BRH:0
end_of_record
TN:
SF:src\components\Cards\ServiceInfoCard.js
FN:14,ServiceInfoCard
FNF:1
FNH:0
FNDA:0,ServiceInfoCard
DA:15,0
DA:23,0
DA:27,0
LF:3
LH:0
BRDA:35,0,0,0
BRDA:35,0,1,0
BRDA:52,1,0,0
BRDA:52,1,1,0
BRDA:54,2,0,0
BRDA:54,2,1,0
BRDA:60,3,0,0
BRDA:60,3,1,0
BRDA:62,4,0,0
BRDA:62,4,1,0
BRDA:77,5,0,0
BRDA:77,5,1,0
BRDA:92,6,0,0
BRDA:92,6,1,0
BRDA:93,7,0,0
BRDA:93,7,1,0
BRDA:100,8,0,0
BRDA:100,8,1,0
BRF:18
BRH:0
end_of_record
TN:
SF:src\components\Modals\AlertModal.js
FN:9,AlertModal
FN:12,(anonymous_1)
FNF:2
FNH:0
FNDA:0,AlertModal
FNDA:0,(anonymous_1)
DA:10,0
DA:12,0
DA:13,0
DA:14,0
DA:17,0
LF:5
LH:0
BRF:0
BRH:0
end_of_record
TN:
SF:src\components\Modals\DisclaimerModal.js
FN:10,DisclaimerModal
FN:13,(anonymous_1)
FN:17,(anonymous_2)
FNF:3
FNH:3
FNDA:3,DisclaimerModal
FNDA:1,(anonymous_1)
FNDA:1,(anonymous_2)
DA:12,3
DA:13,3
DA:14,1
DA:15,1
DA:17,3
DA:18,1
DA:21,3
LF:7
LH:7
BRF:0
BRH:0
end_of_record
TN:
SF:src\components\Modals\MainPageModal.js
FN:11,MainPageModal
FN:16,(anonymous_1)
FN:24,(anonymous_2)
FNF:3
FNH:2
FNDA:2,MainPageModal
FNDA:1,(anonymous_1)
FNDA:0,(anonymous_2)
DA:12,2
DA:16,2
DA:17,1
DA:18,0
DA:20,1
DA:24,2
DA:25,0
DA:28,2
LF:8
LH:6
BRDA:17,0,0,0
BRDA:17,0,1,1
BRDA:30,1,0,1
BRDA:30,1,1,1
BRF:4
BRH:3
end_of_record
TN:
SF:src\components\Modals\ResultModal.js
FN:16,ResultModal
FN:19,(anonymous_1)
FN:22,(anonymous_2)
FN:26,(anonymous_3)
FN:27,(anonymous_4)
FN:39,(anonymous_5)
FN:48,(anonymous_6)
FN:53,(anonymous_7)
FN:130,(anonymous_8)
FN:149,(anonymous_9)
FN:152,(anonymous_10)
FNF:11
FNH:0
FNDA:0,ResultModal
FNDA:0,(anonymous_1)
FNDA:0,(anonymous_2)
FNDA:0,(anonymous_3)
FNDA:0,(anonymous_4)
FNDA:0,(anonymous_5)
FNDA:0,(anonymous_6)
FNDA:0,(anonymous_7)
FNDA:0,(anonymous_8)
FNDA:0,(anonymous_9)
FNDA:0,(anonymous_10)
DA:17,0
DA:18,0
DA:19,0
DA:21,0
DA:22,0
DA:26,0
DA:27,0
DA:28,0
DA:29,0
DA:30,0
DA:31,0
DA:32,0
DA:33,0
DA:34,0
DA:35,0
DA:36,0
DA:39,0
DA:40,0
DA:42,0
DA:44,0
DA:45,0
DA:48,0
DA:49,0
DA:50,0
DA:53,0
DA:54,0
DA:57,0
DA:130,0
DA:150,0
DA:152,0
LF:30
LH:0
BRDA:35,0,0,0
BRDA:35,0,1,0
BRDA:35,1,0,0
BRDA:35,1,1,0
BRDA:83,2,0,0
BRDA:83,2,1,0
BRDA:127,3,0,0
BRDA:127,3,1,0
BRDA:148,4,0,0
BRDA:148,4,1,0
BRDA:174,5,0,0
BRDA:174,5,1,0
BRDA:195,6,0,0
BRDA:195,6,1,0
BRDA:197,7,0,0
BRDA:197,7,1,0
BRDA:201,8,0,0
BRDA:201,8,1,0
BRDA:201,9,0,0
BRDA:201,9,1,0
BRF:20
BRH:0
end_of_record
TN:
SF:src\pages\NotFound.js
FN:8,NotFound
FNF:1
FNH:0
FNDA:0,NotFound
DA:9,0
LF:1
LH:0
BRF:0
BRH:0
end_of_record
TN:
SF:src\pages\Assessment\Assessment.js
FN:13,Assessment
FN:19,(anonymous_1)
FN:23,twoQ
FN:37,actionSubmit
FN:47,(anonymous_4)
FN:53,(anonymous_5)
FN:90,(anonymous_6)
FN:92,(anonymous_7)
FN:111,(anonymous_8)
FN:114,(anonymous_9)
FNF:10
FNH:4
FNDA:3,Assessment
FNDA:0,(anonymous_1)
FNDA:2,twoQ
FNDA:2,actionSubmit
FNDA:0,(anonymous_4)
FNDA:0,(anonymous_5)
FNDA:6,(anonymous_6)
FNDA:0,(anonymous_7)
FNDA:0,(anonymous_8)
FNDA:0,(anonymous_9)
DA:15,3
DA:16,3
DA:17,3
DA:18,3
DA:19,3
DA:25,2
DA:26,0
DA:27,0
DA:28,2
DA:29,0
DA:30,0
DA:32,2
DA:38,2
DA:39,2
DA:42,0
DA:43,0
DA:47,3
DA:48,0
DA:49,0
DA:50,0
DA:53,3
DA:54,0
DA:57,3
DA:58,3
DA:71,3
DA:91,6
DA:93,0
DA:111,0
DA:114,0
LF:29
LH:16
BRDA:25,0,0,0
BRDA:25,0,1,2
BRDA:28,1,0,0
BRDA:28,1,1,2
BRDA:28,2,0,2
BRDA:28,2,1,2
BRDA:28,2,2,0
BRDA:38,3,0,2
BRDA:38,3,1,0
BRDA:77,4,0,3
BRDA:77,4,1,0
BRDA:79,5,0,3
BRDA:79,5,1,0
BRF:13
BRH:7
end_of_record
TN:
SF:src\pages\Assessment\components\QuestionCardList.js
FN:7,QuestionCardList
FN:14,(anonymous_1)
FNF:2
FNH:0
FNDA:0,QuestionCardList
FNDA:0,(anonymous_1)
DA:14,0
DA:23,0
LF:2
LH:0
BRF:0
BRH:0
end_of_record
TN:
SF:src\pages\Assessment\components\Radios.js
FN:8,Radios
FN:17,(anonymous_1)
FN:18,(anonymous_2)
FNF:3
FNH:0
FNDA:0,Radios
FNDA:0,(anonymous_1)
FNDA:0,(anonymous_2)
DA:9,0
DA:17,0
DA:18,0
LF:3
LH:0
BRF:0
BRH:0
end_of_record
TN:
SF:src\pages\FAQ\FAQ.js
FN:3,FAQ
FNF:1
FNH:0
FNDA:0,FAQ
DA:4,0
LF:1
LH:0
BRF:0
BRH:0
end_of_record
TN:
SF:src\pages\Home\Home.js
FN:10,Home
FN:12,(anonymous_1)
FNF:2
FNH:2
FNDA:2,Home
FNDA:1,(anonymous_1)
DA:12,2
DA:14,1
DA:16,2
LF:3
LH:3
BRDA:18,0,0,0
BRDA:18,0,1,2
BRF:2
BRH:1
end_of_record
TN:
SF:src\pages\ServiceCenter\ServiceCenter.js
FN:3,ServiceCenter
FNF:1
FNH:0
FNDA:0,ServiceCenter
DA:4,0
LF:1
LH:0
BRF:0
BRH:0
end_of_record
TN:
SF:src\pages\ServiceCenter\ServiceCenterInfo.js
FN:21,(anonymous_0)
FN:29,ServiceCenterInfo
FN:32,(anonymous_2)
FN:34,(anonymous_3)
FN:72,(anonymous_4)
FNF:5
FNH:0
FNDA:0,(anonymous_0)
FNDA:0,ServiceCenterInfo
FNDA:0,(anonymous_2)
FNDA:0,(anonymous_3)
FNDA:0,(anonymous_4)
DA:21,1
DA:30,0
DA:32,0
DA:33,0
DA:34,0
DA:35,0
DA:36,0
DA:37,0
DA:39,0
DA:41,0
DA:57,0
DA:72,0
LF:12
LH:1
BRDA:66,0,0,0
BRDA:66,0,1,0
BRF:2
BRH:0
end_of_record
TN:
SF:src\pages\ServiceCenter\components\CommentBox.js
FN:12,CommentBox
FNF:1
FNH:0
FNDA:0,CommentBox
DA:13,0
LF:1
LH:0
BRF:0
BRH:0
end_of_record
TN:
SF:src\pages\ServiceCenter\components\ReviewForm.js
FN:12,ReviewForm
FN:35,(anonymous_1)
FNF:2
FNH:0
FNDA:0,ReviewForm
FNDA:0,(anonymous_1)
DA:13,0
DA:14,0
DA:35,0
LF:3
LH:0
BRDA:44,0,0,0
BRDA:44,0,1,0
BRF:2
BRH:0
end_of_record
TN:
SF:src\services\request.js
FNF:0
FNH:0
DA:4,2
LF:1
LH:1
BRF:0
BRH:0
end_of_record
TN:
SF:src\services\settings.js
FNF:0
FNH:0
DA:1,2
LF:1
LH:1
BRF:0
BRH:0
end_of_record
TN:
SF:src\services\api\auth.js
FN:4,(anonymous_0)
FN:13,(anonymous_1)
FN:22,(anonymous_2)
FN:32,(anonymous_3)
FNF:4
FNH:0
FNDA:0,(anonymous_0)
FNDA:0,(anonymous_1)
FNDA:0,(anonymous_2)
FNDA:0,(anonymous_3)
DA:3,2
DA:5,0
DA:6,0
DA:7,0
DA:10,0
DA:14,0
DA:15,0
DA:16,0
DA:19,0
DA:23,0
DA:24,0
DA:25,0
DA:28,0
DA:33,0
DA:34,0
DA:35,0
DA:38,0
LF:17
LH:1
BRF:0
BRH:0
end_of_record
TN:
SF:src\tests\localStorage.js
FN:4,(anonymous_0)
FN:7,(anonymous_1)
FN:10,(anonymous_2)
FNF:3
FNH:3
FNDA:5,(anonymous_0)
FNDA:3,(anonymous_1)
FNDA:2,(anonymous_2)
DA:2,2
DA:5,5
DA:8,3
DA:11,2
LF:4
LH:4
BRF:0
BRH:0
end_of_record
